<?xml version="1.0" encoding="UTF-8"?>
<testng-results ignored="1" total="2" passed="1" failed="0" skipped="0">
  <reporter-output>
  </reporter-output>
  <suite started-at="2023-05-30T17:31:18 GFT" name="Default suite" finished-at="2023-05-30T17:31:18 GFT" duration-ms="106">
    <groups>
    </groups>
    <test started-at="2023-05-30T17:31:18 GFT" name="Default test" finished-at="2023-05-30T17:31:18 GFT" duration-ms="106">
      <class name="Sample2.Myp2Test">
        <test-method signature="m4()[pri:0, instance:Sample2.Myp2Test@1de5f259]" started-at="2023-05-30T17:31:18 GFT" name="m4" finished-at="2023-05-30T17:31:18 GFT" duration-ms="25" status="PASS">
          <reporter-output>
          </reporter-output>
        </test-method> <!-- m4 -->
      </class> <!-- Sample2.Myp2Test -->
    </test> <!-- Default test -->
  </suite> <!-- Default suite -->
</testng-results>
